<?xml version="1.0" encoding="utf-8"?><testsuites name="pytest tests"><testsuite name="pytest" errors="0" failures="0" skipped="1" tests="7" time="8.226" timestamp="2026-04-15T08:41:50.645284+00:00" hostname="agent-env-3c25486a-3ce5-4b1e-9480-5bfa8dd8d4f6"><testcase classname="backend.tests.test_lineups_endpoints" name="test_health_ok" time="0.345" /><testcase classname="backend.tests.test_lineups_endpoints" name="test_list_lineups_returns_wrapped_collection" time="0.771" /><testcase classname="backend.tests.test_lineups_endpoints" name="test_delete_all_without_auth_returns_401_not_404" time="0.353" /><testcase classname="backend.tests.test_lineups_endpoints" name="test_delete_all_with_fake_bearer_returns_401" time="0.403" /><testcase classname="backend.tests.test_lineups_endpoints" name="test_register_and_login_smoke" time="1.428" /><testcase classname="backend.tests.test_lineups_endpoints" name="test_delete_all_with_authenticated_non_manager_user_is_rejected_or_allowed" time="1.863" /><testcase classname="backend.tests.test_lineups_endpoints" name="test_single_lineup_create_update_delete_regression_if_manager" time="2.870"><skipped type="pytest.skip" message="Utente registrato non ha canManageLineups nel deploy corrente">/app/backend/tests/test_lineups_endpoints.py:167: Utente registrato non ha canManageLineups nel deploy corrente</skipped></testcase></testsuite></testsuites>